# JRE version: OpenJDK Runtime Environment Temurin-17.0.5+8 (17.0.5+8) (build 17.0.5+8)
# Java VM: OpenJDK 64-Bit Server VM Temurin-17.0.5+8 (17.0.5+8, mixed mode, emulated-client, tiered, compressed oops, compressed class ptrs, g1 gc, windows-amd64)
GC Precious Log:
 CPUs: 12 total, 12 available
 Memory: 7487M
 Large Page Support: Disabled
 NUMA Support: Disabled
 Compressed Oops: Enabled (32-bit)
 Heap Region Size: 1M
 Heap Min Capacity: 8M
 Heap Initial Capacity: 118M
 Heap Max Capacity: 1872M
 Pre-touch: Disabled
 Parallel Workers: 10
 Concurrent Workers: 3
 Concurrent Refinement Workers: 10
 Periodic GC: Disabled
Heap:
 garbage-first heap   total 59392K, used 44374K [0x000000008b000000, 0x0000000100000000)
  region size 1024K, 25 young (25600K), 4 survivors (4096K)
 Metaspace       used 60981K, committed 61504K, reserved 1105920K
  class space    used 8254K, committed 8512K, reserved 1048576K
GC Heap History (20 events):
Event: 1.917 GC heap before
{Heap before GC invocations=5 (full 0):
 garbage-first heap   total 37888K, used 11860K [0x000000008b000000, 0x0000000100000000)
  region size 1024K, 5 young (5120K), 4 survivors (4096K)
 Metaspace       used 26525K, committed 26880K, reserved 1073152K
  class space    used 3160K, committed 3328K, reserved 1048576K
}
Event: 1.921 GC heap after
{Heap after GC invocations=6 (full 0):
 garbage-first heap   total 37888K, used 11114K [0x000000008b000000, 0x0000000100000000)
  region size 1024K, 1 young (1024K), 1 survivors (1024K)
 Metaspace       used 26525K, committed 26880K, reserved 1073152K
  class space    used 3160K, committed 3328K, reserved 1048576K
}
Event: 2.261 GC heap before
{Heap before GC invocations=6 (full 0):
 garbage-first heap   total 37888K, used 26474K [0x000000008b000000, 0x0000000100000000)
  region size 1024K, 17 young (17408K), 1 survivors (1024K)
 Metaspace       used 28058K, committed 28416K, reserved 1081344K
  class space    used 3362K, committed 3520K, reserved 1048576K
}
Event: 2.263 GC heap after
{Heap after GC invocations=7 (full 0):
 garbage-first heap   total 59392K, used 12238K [0x000000008b000000, 0x0000000100000000)
  region size 1024K, 2 young (2048K), 2 survivors (2048K)
 Metaspace       used 28058K, committed 28416K, reserved 1081344K
  class space    used 3362K, committed 3520K, reserved 1048576K
}
Event: 2.847 GC heap before
{Heap before GC invocations=7 (full 0):
 garbage-first heap   total 59392K, used 40910K [0x000000008b000000, 0x0000000100000000)
  region size 1024K, 30 young (30720K), 2 survivors (2048K)
 Metaspace       used 31268K, committed 31616K, reserved 1081344K
  class space    used 3867K, committed 4032K, reserved 1048576K
}
Event: 2.851 GC heap after
{Heap after GC invocations=8 (full 0):
 garbage-first heap   total 59392K, used 13964K [0x000000008b000000, 0x0000000100000000)
  region size 1024K, 4 young (4096K), 4 survivors (4096K)
 Metaspace       used 31268K, committed 31616K, reserved 1081344K
  class space    used 3867K, committed 4032K, reserved 1048576K
}
Event: 3.426 GC heap before
{Heap before GC invocations=8 (full 0):
 garbage-first heap   total 59392K, used 41612K [0x000000008b000000, 0x0000000100000000)
  region size 1024K, 31 young (31744K), 4 survivors (4096K)
 Metaspace       used 35498K, committed 35904K, reserved 1081344K
  class space    used 4479K, committed 4672K, reserved 1048576K
}
Event: 3.431 GC heap after
{Heap after GC invocations=9 (full 0):
 garbage-first heap   total 59392K, used 16693K [0x000000008b000000, 0x0000000100000000)
  region size 1024K, 4 young (4096K), 4 survivors (4096K)
 Metaspace       used 35498K, committed 35904K, reserved 1081344K
  class space    used 4479K, committed 4672K, reserved 1048576K
}
Event: 3.461 GC heap before
{Heap before GC invocations=9 (full 0):
 garbage-first heap   total 59392K, used 17717K [0x000000008b000000, 0x0000000100000000)
  region size 1024K, 6 young (6144K), 4 survivors (4096K)
 Metaspace       used 35751K, committed 36160K, reserved 1081344K
  class space    used 4504K, committed 4736K, reserved 1048576K
}
Event: 3.464 GC heap after
{Heap after GC invocations=10 (full 0):
 garbage-first heap   total 59392K, used 17596K [0x000000008b000000, 0x0000000100000000)
  region size 1024K, 1 young (1024K), 1 survivors (1024K)
 Metaspace       used 35751K, committed 36160K, reserved 1081344K
  class space    used 4504K, committed 4736K, reserved 1048576K
}
Event: 4.039 GC heap before
{Heap before GC invocations=11 (full 0):
 garbage-first heap   total 59392K, used 43196K [0x000000008b000000, 0x0000000100000000)
  region size 1024K, 27 young (27648K), 1 survivors (1024K)
 Metaspace       used 41167K, committed 41600K, reserved 1089536K
  class space    used 5152K, committed 5376K, reserved 1048576K
}
Event: 4.042 GC heap after
{Heap after GC invocations=12 (full 0):
 garbage-first heap   total 59392K, used 19716K [0x000000008b000000, 0x0000000100000000)
  region size 1024K, 3 young (3072K), 3 survivors (3072K)
 Metaspace       used 41167K, committed 41600K, reserved 1089536K
  class space    used 5152K, committed 5376K, reserved 1048576K
}
Event: 4.885 GC heap before
{Heap before GC invocations=12 (full 0):
 garbage-first heap   total 59392K, used 44292K [0x000000008b000000, 0x0000000100000000)
  region size 1024K, 27 young (27648K), 3 survivors (3072K)
 Metaspace       used 46727K, committed 47232K, reserved 1097728K
  class space    used 6035K, committed 6272K, reserved 1048576K
}
Event: 4.888 GC heap after
{Heap after GC invocations=13 (full 0):
 garbage-first heap   total 59392K, used 20927K [0x000000008b000000, 0x0000000100000000)
  region size 1024K, 2 young (2048K), 2 survivors (2048K)
 Metaspace       used 46727K, committed 47232K, reserved 1097728K
  class space    used 6035K, committed 6272K, reserved 1048576K
}
Event: 5.460 GC heap before
{Heap before GC invocations=13 (full 0):
 garbage-first heap   total 59392K, used 43455K [0x000000008b000000, 0x0000000100000000)
  region size 1024K, 25 young (25600K), 2 survivors (2048K)
 Metaspace       used 52992K, committed 53504K, reserved 1097728K
  class space    used 6952K, committed 7168K, reserved 1048576K
}
Event: 5.463 GC heap after
{Heap after GC invocations=14 (full 0):
 garbage-first heap   total 59392K, used 21790K [0x000000008b000000, 0x0000000100000000)
  region size 1024K, 3 young (3072K), 3 survivors (3072K)
 Metaspace       used 52992K, committed 53504K, reserved 1097728K
  class space    used 6952K, committed 7168K, reserved 1048576K
}
Event: 6.068 GC heap before
{Heap before GC invocations=14 (full 0):
 garbage-first heap   total 59392K, used 45342K [0x000000008b000000, 0x0000000100000000)
  region size 1024K, 26 young (26624K), 3 survivors (3072K)
 Metaspace       used 57492K, committed 57984K, reserved 1105920K
  class space    used 7739K, committed 7936K, reserved 1048576K
}
Event: 6.071 GC heap after
{Heap after GC invocations=15 (full 0):
 garbage-first heap   total 59392K, used 22800K [0x000000008b000000, 0x0000000100000000)
  region size 1024K, 3 young (3072K), 3 survivors (3072K)
 Metaspace       used 57492K, committed 57984K, reserved 1105920K
  class space    used 7739K, committed 7936K, reserved 1048576K
}
Event: 6.368 GC heap before
{Heap before GC invocations=15 (full 0):
 garbage-first heap   total 59392K, used 36112K [0x000000008b000000, 0x0000000100000000)
  region size 1024K, 18 young (18432K), 3 survivors (3072K)
 Metaspace       used 60059K, committed 60480K, reserved 1105920K
  class space    used 8068K, committed 8256K, reserved 1048576K
}
Event: 6.371 GC heap after
{Heap after GC invocations=16 (full 0):
 garbage-first heap   total 59392K, used 23894K [0x000000008b000000, 0x0000000100000000)
  region size 1024K, 4 young (4096K), 4 survivors (4096K)
 Metaspace       used 60059K, committed 60480K, reserved 1105920K
  class space    used 8068K, committed 8256K, reserved 1048576K
}

