# JRE version: OpenJDK Runtime Environment Temurin-17.0.5+8 (17.0.5+8) (build 17.0.5+8)
# Java VM: OpenJDK 64-Bit Server VM Temurin-17.0.5+8 (17.0.5+8, mixed mode, emulated-client, tiered, compressed oops, compressed class ptrs, g1 gc, windows-amd64)
GC Precious Log:
 CPUs: 12 total, 12 available
 Memory: 7487M
 Large Page Support: Disabled
 NUMA Support: Disabled
 Compressed Oops: Enabled (32-bit)
 Heap Region Size: 1M
 Heap Min Capacity: 8M
 Heap Initial Capacity: 118M
 Heap Max Capacity: 1872M
 Pre-touch: Disabled
 Parallel Workers: 10
 Concurrent Workers: 3
 Concurrent Refinement Workers: 10
 Periodic GC: Disabled
Heap:
 garbage-first heap   total 46080K, used 24249K [0x000000008b000000, 0x0000000100000000)
  region size 1024K, 5 young (5120K), 1 survivors (1024K)
 Metaspace       used 46486K, committed 46912K, reserved 1097728K
  class space    used 5981K, committed 6208K, reserved 1048576K
GC Heap History (20 events):
Event: 1.472 GC heap before
{Heap before GC invocations=2 (full 0):
 garbage-first heap   total 120832K, used 10813K [0x000000008b000000, 0x0000000100000000)
  region size 1024K, 4 young (4096K), 2 survivors (2048K)
 Metaspace       used 21237K, committed 21504K, reserved 1073152K
  class space    used 2457K, committed 2624K, reserved 1048576K
}
Event: 1.474 GC heap after
{Heap after GC invocations=3 (full 0):
 garbage-first heap   total 120832K, used 9742K [0x000000008b000000, 0x0000000100000000)
  region size 1024K, 2 young (2048K), 2 survivors (2048K)
 Metaspace       used 21237K, committed 21504K, reserved 1073152K
  class space    used 2457K, committed 2624K, reserved 1048576K
}
Event: 1.683 GC heap before
{Heap before GC invocations=4 (full 0):
 garbage-first heap   total 37888K, used 27150K [0x000000008b000000, 0x0000000100000000)
  region size 1024K, 21 young (21504K), 2 survivors (2048K)
 Metaspace       used 26016K, committed 26368K, reserved 1073152K
  class space    used 3076K, committed 3264K, reserved 1048576K
}
Event: 1.686 GC heap after
{Heap after GC invocations=5 (full 0):
 garbage-first heap   total 37888K, used 11281K [0x000000008b000000, 0x0000000100000000)
  region size 1024K, 4 young (4096K), 4 survivors (4096K)
 Metaspace       used 26016K, committed 26368K, reserved 1073152K
  class space    used 3076K, committed 3264K, reserved 1048576K
}
Event: 1.976 GC heap before
{Heap before GC invocations=5 (full 0):
 garbage-first heap   total 37888K, used 26641K [0x000000008b000000, 0x0000000100000000)
  region size 1024K, 19 young (19456K), 4 survivors (4096K)
 Metaspace       used 27834K, committed 28160K, reserved 1081344K
  class space    used 3329K, committed 3520K, reserved 1048576K
}
Event: 1.980 GC heap after
{Heap after GC invocations=6 (full 0):
 garbage-first heap   total 37888K, used 12553K [0x000000008b000000, 0x0000000100000000)
  region size 1024K, 3 young (3072K), 3 survivors (3072K)
 Metaspace       used 27834K, committed 28160K, reserved 1081344K
  class space    used 3329K, committed 3520K, reserved 1048576K
}
Event: 2.267 GC heap before
{Heap before GC invocations=6 (full 0):
 garbage-first heap   total 37888K, used 27913K [0x000000008b000000, 0x0000000100000000)
  region size 1024K, 18 young (18432K), 3 survivors (3072K)
 Metaspace       used 29176K, committed 29504K, reserved 1081344K
  class space    used 3525K, committed 3712K, reserved 1048576K
}
Event: 2.270 GC heap after
{Heap after GC invocations=7 (full 0):
 garbage-first heap   total 46080K, used 13368K [0x000000008b000000, 0x0000000100000000)
  region size 1024K, 3 young (3072K), 3 survivors (3072K)
 Metaspace       used 29176K, committed 29504K, reserved 1081344K
  class space    used 3525K, committed 3712K, reserved 1048576K
}
Event: 2.673 GC heap before
{Heap before GC invocations=7 (full 0):
 garbage-first heap   total 46080K, used 30776K [0x000000008b000000, 0x0000000100000000)
  region size 1024K, 21 young (21504K), 3 survivors (3072K)
 Metaspace       used 31767K, committed 32128K, reserved 1081344K
  class space    used 3926K, committed 4096K, reserved 1048576K
}
Event: 2.678 GC heap after
{Heap after GC invocations=8 (full 0):
 garbage-first heap   total 46080K, used 14724K [0x000000008b000000, 0x0000000100000000)
  region size 1024K, 3 young (3072K), 3 survivors (3072K)
 Metaspace       used 31767K, committed 32128K, reserved 1081344K
  class space    used 3926K, committed 4096K, reserved 1048576K
}
Event: 3.076 GC heap before
{Heap before GC invocations=8 (full 0):
 garbage-first heap   total 46080K, used 33156K [0x000000008b000000, 0x0000000100000000)
  region size 1024K, 21 young (21504K), 3 survivors (3072K)
 Metaspace       used 34539K, committed 34944K, reserved 1081344K
  class space    used 4366K, committed 4544K, reserved 1048576K
}
Event: 3.080 GC heap after
{Heap after GC invocations=9 (full 0):
 garbage-first heap   total 46080K, used 16439K [0x000000008b000000, 0x0000000100000000)
  region size 1024K, 3 young (3072K), 3 survivors (3072K)
 Metaspace       used 34539K, committed 34944K, reserved 1081344K
  class space    used 4366K, committed 4544K, reserved 1048576K
}
Event: 3.258 GC heap before
{Heap before GC invocations=9 (full 0):
 garbage-first heap   total 46080K, used 22583K [0x000000008b000000, 0x0000000100000000)
  region size 1024K, 11 young (11264K), 3 survivors (3072K)
 Metaspace       used 35752K, committed 36160K, reserved 1081344K
  class space    used 4504K, committed 4736K, reserved 1048576K
}
Event: 3.262 GC heap after
{Heap after GC invocations=10 (full 0):
 garbage-first heap   total 46080K, used 17685K [0x000000008b000000, 0x0000000100000000)
  region size 1024K, 2 young (2048K), 2 survivors (2048K)
 Metaspace       used 35752K, committed 36160K, reserved 1081344K
  class space    used 4504K, committed 4736K, reserved 1048576K
}
Event: 3.588 GC heap before
{Heap before GC invocations=11 (full 0):
 garbage-first heap   total 46080K, used 33045K [0x000000008b000000, 0x0000000100000000)
  region size 1024K, 17 young (17408K), 2 survivors (2048K)
 Metaspace       used 39052K, committed 39552K, reserved 1089536K
  class space    used 4885K, committed 5120K, reserved 1048576K
}
Event: 3.591 GC heap after
{Heap after GC invocations=12 (full 0):
 garbage-first heap   total 46080K, used 19256K [0x000000008b000000, 0x0000000100000000)
  region size 1024K, 3 young (3072K), 3 survivors (3072K)
 Metaspace       used 39052K, committed 39552K, reserved 1089536K
  class space    used 4885K, committed 5120K, reserved 1048576K
}
Event: 4.028 GC heap before
{Heap before GC invocations=12 (full 0):
 garbage-first heap   total 46080K, used 34616K [0x000000008b000000, 0x0000000100000000)
  region size 1024K, 18 young (18432K), 3 survivors (3072K)
 Metaspace       used 42233K, committed 42688K, reserved 1089536K
  class space    used 5303K, committed 5504K, reserved 1048576K
}
Event: 4.031 GC heap after
{Heap after GC invocations=13 (full 0):
 garbage-first heap   total 46080K, used 20605K [0x000000008b000000, 0x0000000100000000)
  region size 1024K, 2 young (2048K), 2 survivors (2048K)
 Metaspace       used 42233K, committed 42688K, reserved 1089536K
  class space    used 5303K, committed 5504K, reserved 1048576K
}
Event: 4.457 GC heap before
{Heap before GC invocations=13 (full 0):
 garbage-first heap   total 46080K, used 34941K [0x000000008b000000, 0x0000000100000000)
  region size 1024K, 16 young (16384K), 2 survivors (2048K)
 Metaspace       used 45345K, committed 45824K, reserved 1089536K
  class space    used 5835K, committed 6080K, reserved 1048576K
}
Event: 4.459 GC heap after
{Heap after GC invocations=14 (full 0):
 garbage-first heap   total 46080K, used 21177K [0x000000008b000000, 0x0000000100000000)
  region size 1024K, 1 young (1024K), 1 survivors (1024K)
 Metaspace       used 45345K, committed 45824K, reserved 1089536K
  class space    used 5835K, committed 6080K, reserved 1048576K
}

